\BOOKMARK [0][-]{chapter.1}{\376\377\000I\000n\000t\000r\000o\000d\000u\000c\000t\000i\000o\000n}{}% 1
\BOOKMARK [0][-]{chapter.2}{\376\377\000F\000e\000a\000s\000i\000b\000i\000l\000i\000t\000y\000\040\000S\000t\000u\000d\000y}{}% 2
\BOOKMARK [1][-]{section.2.1}{\376\377\000D\000a\000t\000a\000s\000e\000t\000\040\000a\000n\000a\000l\000y\000s\000i\000s\000\040\000a\000n\000d\000\040\000c\000r\000e\000a\000t\000i\000o\000n}{chapter.2}% 3
\BOOKMARK [1][-]{section.2.2}{\376\377\000A\000n\000a\000l\000y\000s\000i\000s\000\040\000r\000e\000s\000u\000l\000t}{chapter.2}% 4
\BOOKMARK [0][-]{chapter.3}{\376\377\000D\000e\000s\000i\000g\000n}{}% 5
\BOOKMARK [1][-]{section.3.1}{\376\377\000M\000a\000i\000n\000\040\000a\000c\000t\000o\000r\000s}{chapter.3}% 6
\BOOKMARK [1][-]{section.3.2}{\376\377\000F\000u\000n\000c\000t\000i\000o\000n\000a\000l\000\040\000r\000e\000q\000u\000i\000r\000e\000m\000e\000n\000t\000s}{chapter.3}% 7
\BOOKMARK [1][-]{section.3.3}{\376\377\000N\000o\000n\000\040\000f\000u\000n\000c\000t\000i\000o\000n\000a\000l\000\040\000r\000e\000q\000u\000i\000r\000e\000m\000e\000n\000t\000s}{chapter.3}% 8
\BOOKMARK [1][-]{section.3.4}{\376\377\000I\000m\000p\000l\000e\000m\000e\000n\000t\000a\000t\000i\000o\000n\000\040\000r\000e\000g\000a\000r\000d\000i\000n\000g\000\040\000t\000h\000e\000\040\000C\000A\000P\000\040\000t\000h\000e\000o\000r\000e\000m}{chapter.3}% 9
\BOOKMARK [1][-]{section.3.5}{\376\377\000U\000s\000e\000\040\000c\000a\000s\000e\000s}{chapter.3}% 10
\BOOKMARK [1][-]{section.3.6}{\376\377\000C\000l\000a\000s\000s\000\040\000a\000n\000a\000l\000y\000s\000i\000s}{chapter.3}% 11
\BOOKMARK [0][-]{chapter.4}{\376\377\000D\000o\000c\000u\000m\000e\000n\000t\000\040\000d\000a\000t\000a\000b\000a\000s\000e}{}% 12
\BOOKMARK [1][-]{section.4.1}{\376\377\000C\000o\000l\000l\000e\000c\000t\000i\000o\000n\000\040\000c\000o\000m\000p\000o\000s\000i\000t\000i\000o\000n}{chapter.4}% 13
\BOOKMARK [2][-]{subsection.4.1.1}{\376\377\000M\000o\000v\000i\000e\000\040\000c\000o\000l\000l\000e\000c\000t\000i\000o\000n}{section.4.1}% 14
\BOOKMARK [2][-]{subsection.4.1.2}{\376\377\000U\000s\000e\000r\000\040\000c\000o\000l\000l\000e\000c\000t\000i\000o\000n}{section.4.1}% 15
\BOOKMARK [1][-]{section.4.2}{\376\377\000I\000n\000d\000e\000x\000e\000s}{chapter.4}% 16
\BOOKMARK [2][-]{subsection.4.2.1}{\376\377\000M\000o\000v\000i\000e\000\040\000c\000o\000l\000l\000e\000c\000t\000i\000o\000n}{section.4.2}% 17
\BOOKMARK [2][-]{subsection.4.2.2}{\376\377\000U\000s\000e\000r\000\040\000c\000o\000l\000l\000e\000c\000t\000i\000o\000n}{section.4.2}% 18
\BOOKMARK [1][-]{section.4.3}{\376\377\000P\000a\000r\000t\000i\000t\000i\000o\000n\000\040\000a\000n\000d\000\040\000r\000e\000p\000l\000i\000c\000a\000s}{chapter.4}% 19
\BOOKMARK [1][-]{section.4.4}{\376\377\000A\000g\000g\000r\000e\000g\000a\000t\000i\000o\000n\000s}{chapter.4}% 20
\BOOKMARK [2][-]{subsection.4.4.1}{\376\377\000R\000e\000t\000u\000r\000n\000\040\000t\000h\000e\000\040\000b\000e\000s\000t\000\040\000y\000e\000a\000r\000s\000\040\000b\000y\000\040\000t\000o\000p\000\040\000c\000r\000i\000t\000i\000c\000\040\000a\000n\000d\000\040\000u\000s\000e\000r\000\040\000r\000a\000t\000i\000n\000g\000s}{section.4.4}% 21
\BOOKMARK [2][-]{subsection.4.4.2}{\376\377\000R\000e\000t\000u\000r\000n\000\040\000t\000h\000e\000\040\000b\000e\000s\000t\000\040\000g\000e\000n\000r\000e\000s\000\040\000b\000y\000\040\000t\000o\000p\000\040\000c\000r\000i\000t\000i\000c\000\040\000a\000n\000d\000\040\000u\000s\000e\000r\000\040\000r\000a\000t\000i\000n\000g\000s}{section.4.4}% 22
\BOOKMARK [2][-]{subsection.4.4.3}{\376\377\000R\000e\000t\000u\000r\000n\000\040\000t\000h\000e\000\040\000b\000e\000s\000t\000\040\000p\000r\000o\000d\000u\000c\000t\000i\000o\000n\000\040\000h\000o\000u\000s\000e\000s\000\040\000b\000y\000\040\000t\000o\000p\000\040\000c\000r\000i\000t\000i\000c\000\040\000a\000n\000d\000\040\000u\000s\000e\000r\000\040\000r\000a\000t\000i\000n\000g\000s}{section.4.4}% 23
\BOOKMARK [2][-]{subsection.4.4.4}{\376\377\000G\000i\000v\000e\000n\000\040\000a\000\040\000m\000o\000v\000i\000e\000\040\000c\000o\000u\000n\000t\000\040\000t\000h\000e\000\040\000r\000e\000v\000i\000e\000w\000\040\000i\000t\000\040\000h\000a\000s\000\040\000r\000e\000c\000e\000i\000v\000e\000d\000\040\000b\000y\000\040\000e\000a\000c\000h\000\040\000m\000o\000n\000t\000h}{section.4.4}% 24
\BOOKMARK [2][-]{subsection.4.4.5}{\376\377\000G\000i\000v\000e\000n\000\040\000a\000\040\000u\000s\000e\000r\000\040\000c\000o\000u\000n\000t\000\040\000t\000h\000e\000\040\000r\000e\000v\000i\000e\000w\000\040\000h\000e\000/\000s\000h\000e\000\040\000h\000a\000s\000\040\000m\000a\000d\000e\000\040\000d\000i\000v\000i\000d\000e\000d\000\040\000b\000y\000\040\000g\000e\000n\000r\000e\000s}{section.4.4}% 25
\BOOKMARK [2][-]{subsection.4.4.6}{\376\377\000R\000e\000t\000u\000r\000n\000\040\000t\000h\000e\000\040\000n\000u\000m\000b\000e\000r\000\040\000o\000f\000\040\000u\000s\000e\000r\000\040\000d\000i\000v\000i\000d\000e\000d\000\040\000b\000y\000\040\000a\000n\000\040\000a\000g\000e\000\040\000b\000u\000c\000k\000e\000t}{section.4.4}% 26
\BOOKMARK [0][-]{chapter.5}{\376\377\000G\000r\000a\000p\000h\000\040\000d\000a\000t\000a\000b\000a\000s\000e}{}% 27
\BOOKMARK [1][-]{section.5.1}{\376\377\000I\000n\000d\000e\000x}{chapter.5}% 28
\BOOKMARK [1][-]{section.5.2}{\376\377\000Q\000u\000e\000r\000i\000e\000s}{chapter.5}% 29
\BOOKMARK [0][-]{chapter.6}{\376\377\000S\000o\000f\000t\000w\000a\000r\000e\000\040\000A\000r\000c\000h\000i\000t\000e\000c\000t\000u\000r\000e}{}% 30
\BOOKMARK [0][-]{chapter.7}{\376\377\000A\000p\000p\000l\000i\000c\000a\000t\000i\000o\000n\000\040\000S\000t\000r\000u\000c\000t\000u\000r\000e}{}% 31
\BOOKMARK [1][-]{section.7.1}{\376\377\000M\000o\000d\000u\000l\000e\000s\000\040\000a\000n\000d\000\040\000c\000o\000d\000e\000\040\000o\000r\000g\000a\000n\000i\000z\000a\000t\000i\000o\000n}{chapter.7}% 32
\BOOKMARK [1][-]{section.7.2}{\376\377\000M\000a\000n\000a\000g\000i\000n\000g\000\040\000c\000o\000n\000s\000i\000s\000t\000e\000n\000c\000y\000\040\000b\000e\000t\000w\000e\000e\000n\000\040\000M\000o\000n\000g\000o\000D\000B\000\040\000a\000n\000d\000\040\000N\000e\000o\0004\000j}{chapter.7}% 33
\BOOKMARK [2][-]{subsection.7.2.1}{\376\377\000I\000n\000s\000e\000r\000t\000\040\000m\000o\000v\000i\000e}{section.7.2}% 34
\BOOKMARK [0][-]{chapter.8}{\376\377\000I\000n\000s\000t\000r\000u\000c\000t\000i\000o\000n\000\040\000M\000a\000n\000u\000a\000l}{}% 35
\BOOKMARK [1][-]{section.8.1}{\376\377\000P\000y\000t\000h\000o\000n\000\040\000C\000o\000d\000e}{chapter.8}% 36
\BOOKMARK [2][-]{subsection.8.1.1}{\376\377\000C\000r\000e\000a\000t\000i\000o\000n\000\040\000o\000f\000\040\000o\000n\000e\000\040\000s\000i\000n\000g\000l\000e\000\040\000d\000a\000t\000a\000s\000e\000t\000\040\000f\000r\000o\000m\000\040\000t\000h\000e\000\040\000t\000s\000v\000\040\000i\000m\000d\000b\000\040\000f\000i\000l\000e}{section.8.1}% 37
\BOOKMARK [2][-]{subsection.8.1.2}{\376\377\000C\000r\000e\000a\000t\000i\000o\000n\000\040\000o\000f\000\040\000o\000n\000e\000\040\000s\000i\000n\000g\000l\000e\000\040\000d\000a\000t\000a\000s\000e\000t\000\040\000f\000r\000o\000m\000\040\000t\000h\000e\000\040\000c\000s\000v\000\040\000k\000a\000g\000g\000l\000e\000\040\000f\000i\000l\000e}{section.8.1}% 38
\BOOKMARK [2][-]{subsection.8.1.3}{\376\377\000M\000e\000r\000g\000i\000n\000g\000\040\000o\000f\000\040\000t\000h\000e\000\040\000f\000i\000l\000e\000\040\000g\000e\000n\000e\000r\000a\000t\000e\000d\000\040\000i\000n\000\040\000t\000h\000e\000\040\000p\000r\000e\000v\000i\000o\000u\000s\000\040\000s\000c\000r\000i\000p\000t}{section.8.1}% 39
\BOOKMARK [2][-]{subsection.8.1.4}{\376\377\000C\000o\000l\000l\000a\000p\000s\000i\000n\000g\000\040\000d\000i\000f\000f\000e\000r\000e\000n\000t\000\040\000r\000o\000w\000s\000\040\000i\000n\000\040\000a\000\040\000s\000i\000n\000g\000l\000e\000\040\000o\000n\000e\000\040\000g\000e\000n\000e\000r\000a\000t\000i\000n\000g\000\040\000a\000n\000\040\000a\000r\000r\000a\000y\000\040\000f\000o\000r\000\040\000p\000e\000r\000s\000o\000n\000n\000e\000l\000\040\000f\000i\000e\000l\000d}{section.8.1}% 40
\BOOKMARK [2][-]{subsection.8.1.5}{\376\377\000G\000e\000n\000e\000r\000a\000t\000e\000s\000\040\000a\000\040\000h\000a\000s\000h\000e\000d\000\040\000p\000a\000s\000s\000w\000o\000r\000d\000\040\000f\000o\000r\000\040\000a\000l\000l\000\040\000t\000h\000e\000\040\000u\000s\000e\000r\000s}{section.8.1}% 41
\BOOKMARK [2][-]{subsection.8.1.6}{\376\377\000G\000e\000n\000e\000r\000a\000t\000e\000s\000\040\000t\000h\000e\000\040\000g\000r\000a\000p\000h\000\040\000d\000a\000t\000a\000b\000a\000s\000e}{section.8.1}% 42
\BOOKMARK [1][-]{section.8.2}{\376\377\000M\000o\000n\000g\000o\000s\000h\000\040\000s\000c\000r\000i\000p\000t\000s}{chapter.8}% 43
\BOOKMARK [2][-]{subsection.8.2.1}{\376\377\000P\000e\000r\000f\000o\000r\000m\000\040\000t\000h\000e\000\040\000e\000s\000c\000a\000p\000e\000\040\000o\000n\000\040\000t\000h\000e\000\040\000s\000t\000r\000i\000n\000g\000\040\000f\000i\000e\000l\000d\000s}{section.8.2}% 44
\BOOKMARK [2][-]{subsection.8.2.2}{\376\377\000N\000o\000r\000m\000a\000l\000i\000z\000e\000\040\000t\000h\000e\000\040\000d\000a\000t\000e\000\040\000f\000i\000e\000l\000d\000\040\000i\000n\000\040\000t\000h\000e\000\040\000D\000B}{section.8.2}% 45
\BOOKMARK [2][-]{subsection.8.2.3}{\376\377\000C\000r\000e\000a\000t\000e\000\040\000a\000\040\000n\000e\000w\000\040\000c\000o\000l\000l\000e\000c\000t\000i\000o\000n\000\040\000f\000o\000r\000\040\000t\000h\000e\000\040\000u\000s\000e\000r\000\040\000b\000a\000s\000e\000d\000\040\000o\000n\000\040\000t\000h\000e\000\040\000d\000a\000t\000a\000\040\000p\000r\000e\000s\000e\000n\000t\000\040\000i\000n\000\040\000t\000h\000e\000\040\000m\000o\000v\000i\000e\000\040\000c\000o\000l\000l\000e\000c\000t\000i\000o\000n}{section.8.2}% 46
\BOOKMARK [1][-]{section.8.3}{\376\377\000M\000o\000n\000g\000o\000D\000B\000\040\000i\000n\000d\000e\000x\000e\000s\000:\000M\000o\000v\000i\000e\000\040\000c\000o\000l\000l\000e\000c\000t\000i\000o\000n}{chapter.8}% 47
\BOOKMARK [2][-]{subsection.8.3.1}{\376\377\000p\000r\000i\000m\000a\000r\000y\000T\000i\000t\000l\000e}{section.8.3}% 48
\BOOKMARK [2][-]{subsection.8.3.2}{\376\377\000y\000e\000a\000r}{section.8.3}% 49
\BOOKMARK [2][-]{subsection.8.3.3}{\376\377\000t\000o\000p\000\040\000c\000r\000i\000t\000i\000c\000\040\000r\000a\000t\000i\000n\000g}{section.8.3}% 50
\BOOKMARK [2][-]{subsection.8.3.4}{\376\377\000u\000s\000e\000r\000\040\000r\000a\000t\000i\000n\000g}{section.8.3}% 51
\BOOKMARK [2][-]{subsection.8.3.5}{\376\377\000p\000e\000r\000s\000o\000n\000n\000e\000l\000.\000p\000r\000i\000m\000a\000r\000y\000N\000a\000m\000e}{section.8.3}% 52
\BOOKMARK [1][-]{section.8.4}{\376\377\000M\000o\000n\000g\000o\000D\000B\000\040\000i\000n\000d\000e\000x\000e\000s\000:\000U\000s\000e\000r\000\040\000c\000o\000l\000l\000e\000c\000t\000i\000o\000n}{chapter.8}% 53
\BOOKMARK [2][-]{subsection.8.4.1}{\376\377\000u\000s\000e\000r\000n\000a\000m\000e}{section.8.4}% 54
\BOOKMARK [2][-]{subsection.8.4.2}{\376\377\000d\000a\000t\000e\000\040\000o\000f\000\040\000b\000i\000r\000t\000h}{section.8.4}% 55
\BOOKMARK [1][-]{section.8.5}{\376\377\000A\000p\000p\000l\000i\000c\000a\000t\000i\000o\000n\000\040\000c\000o\000d\000e}{chapter.8}% 56
\BOOKMARK [2][-]{subsection.8.5.1}{\376\377\000P\000o\000m\000.\000x\000m\000l}{section.8.5}% 57
